kotlin version: 2.2.20
error message: java.io.FileNotFoundException: C:\AndroidStudioProject\ARKEasyTools\app\src\main\java\com\arkstudios\arkeasytools\ui\liquidglass\backdrop\LayerRecorder.kt (The system cannot find the file specified)
	at java.base/java.io.FileInputStream.open0(Native Method)
	at java.base/java.io.FileInputStream.open(Unknown Source)
	at java.base/java.io.FileInputStream.<init>(Unknown Source)
	at org.jetbrains.kotlin.cli.common.localfs.KotlinLocalVirtualFile.getInputStream(KotlinLocalVirtualFile.kt:122)
	at org.jetbrains.kotlin.KtVirtualFileSourceFile.getContentsAsStream(KtSourceFile.kt:39)
	at org.jetbrains.kotlin.fir.pipeline.FirUtilsKt.buildFirViaLightTree(firUtils.kt:34)
	at org.jetbrains.kotlin.cli.pipeline.jvm.JvmFrontendPipelinePhase.executePhase(JvmFrontendPipelinePhase.kt:162)
	at org.jetbrains.kotlin.cli.pipeline.jvm.JvmFrontendPipelinePhase.executePhase(JvmFrontendPipelinePhase.kt:47)
	at org.jetbrains.kotlin.cli.pipeline.PipelinePhase.phaseBody(PipelinePhase.kt:68)
	at org.jetbrains.kotlin.cli.pipeline.PipelinePhase.phaseBody(PipelinePhase.kt:58)
	at org.jetbrains.kotlin.config.phaser.NamedCompilerPhase.invoke(CompilerPhase.kt:102)
	at org.jetbrains.kotlin.backend.common.phaser.CompositePhase.invoke(PhaseBuilders.kt:22)
	at org.jetbrains.kotlin.config.phaser.CompilerPhaseKt.invokeToplevel(CompilerPhase.kt:53)
	at org.jetbrains.kotlin.cli.pipeline.AbstractCliPipeline.runPhasedPipeline(AbstractCliPipeline.kt:109)
	at org.jetbrains.kotlin.cli.pipeline.AbstractCliPipeline.execute(AbstractCliPipeline.kt:68)
	at org.jetbrains.kotlin.cli.jvm.K2JVMCompiler.doExecutePhased(K2JVMCompiler.kt:79)
	at org.jetbrains.kotlin.cli.jvm.K2JVMCompiler.doExecutePhased(K2JVMCompiler.kt:45)
	at org.jetbrains.kotlin.cli.common.CLICompiler.execImpl(CLICompiler.kt:90)
	at org.jetbrains.kotlin.cli.common.CLICompiler.exec(CLICompiler.kt:352)
	at org.jetbrains.kotlin.cli.common.CLICompiler.exec(CLICompiler.kt:330)
	at org.jetbrains.kotlin.cli.common.CLICompiler.execAndOutputXml(CLICompiler.kt:73)
	at java.base/jdk.internal.reflect.DirectMethodHandleAccessor.invoke(Unknown Source)
	at java.base/java.lang.reflect.Method.invoke(Unknown Source)
	at org.jetbrains.kotlin.compilerRunner.GradleKotlinCompilerWork.compileInProcessImpl(GradleKotlinCompilerWork.kt:388)
	at org.jetbrains.kotlin.compilerRunner.GradleKotlinCompilerWork.access$compileInProcessImpl(GradleKotlinCompilerWork.kt:85)
	at org.jetbrains.kotlin.compilerRunner.GradleKotlinCompilerWork$compileInProcess$future$1.call(GradleKotlinCompilerWork.kt:361)
	at org.jetbrains.kotlin.compilerRunner.GradleKotlinCompilerWork$compileInProcess$future$1.call(GradleKotlinCompilerWork.kt:360)
	at java.base/java.util.concurrent.FutureTask.run(Unknown Source)
	at java.base/java.util.concurrent.ThreadPoolExecutor.runWorker(Unknown Source)
	at java.base/java.util.concurrent.ThreadPoolExecutor$Worker.run(Unknown Source)
	at java.base/java.lang.Thread.run(Unknown Source)


